<?xml version="1.0" encoding="UTF-8"?>
<coverage generated="1788591214145" clover="3.2.0">
  <project timestamp="1788591214145" name="All files">
    <metrics statements="244" coveredstatements="128" conditionals="166" coveredconditionals="65" methods="42" coveredmethods="23" elements="452" coveredelements="216" complexity="0" loc="244" ncloc="244" packages="2" files="9" classes="9"/>
    <package name="lib">
      <metrics statements="113" coveredstatements="51" conditionals="74" coveredconditionals="25" methods="18" coveredmethods="8"/>
      <file name="auth-server.ts" path="C:\Users\Shrey\Desktop\Promptwars\lib\auth-server.ts">
        <metrics statements="21" coveredstatements="11" conditionals="24" coveredconditionals="11" methods="1" coveredmethods="1"/>
        <line num="12" count="1" type="stmt"/>
        <line num="14" count="1" type="stmt"/>
        <line num="26" count="3" type="cond" truecount="2" falsecount="0"/>
        <line num="28" count="3" type="cond" truecount="2" falsecount="0"/>
        <line num="29" count="1" type="stmt"/>
        <line num="32" count="2" type="stmt"/>
        <line num="33" count="2" type="cond" truecount="4" falsecount="0"/>
        <line num="34" count="1" type="stmt"/>
        <line num="37" count="1" type="stmt"/>
        <line num="40" count="1" type="cond" truecount="2" falsecount="2"/>
        <line num="41" count="1" type="stmt"/>
        <line num="44" count="0" type="stmt"/>
        <line num="46" count="0" type="cond" truecount="0" falsecount="4"/>
        <line num="49" count="0" type="cond" truecount="0" falsecount="2"/>
        <line num="50" count="0" type="stmt"/>
        <line num="57" count="0" type="stmt"/>
        <line num="60" count="0" type="stmt"/>
        <line num="61" count="0" type="stmt"/>
        <line num="62" count="0" type="stmt"/>
        <line num="69" count="0" type="cond" truecount="0" falsecount="2"/>
        <line num="70" count="0" type="stmt"/>
      </file>
      <file name="errors.ts" path="C:\Users\Shrey\Desktop\Promptwars\lib\errors.ts">
        <metrics statements="12" coveredstatements="9" conditionals="14" coveredconditionals="8" methods="7" coveredmethods="4"/>
        <line num="12" count="4" type="stmt"/>
        <line num="13" count="4" type="stmt"/>
        <line num="14" count="4" type="stmt"/>
        <line num="15" count="4" type="stmt"/>
        <line num="16" count="4" type="stmt"/>
        <line num="17" count="4" type="stmt"/>
        <line num="23" count="0" type="stmt"/>
        <line num="29" count="2" type="stmt"/>
        <line num="35" count="0" type="stmt"/>
        <line num="41" count="1" type="stmt"/>
        <line num="47" count="0" type="stmt"/>
        <line num="53" count="1" type="stmt"/>
      </file>
      <file name="firebase-admin.ts" path="C:\Users\Shrey\Desktop\Promptwars\lib\firebase-admin.ts">
        <metrics statements="20" coveredstatements="10" conditionals="9" coveredconditionals="4" methods="3" coveredmethods="2"/>
        <line num="12" count="4" type="stmt"/>
        <line num="15" count="10" type="cond" truecount="2" falsecount="0"/>
        <line num="16" count="8" type="stmt"/>
        <line num="19" count="2" type="stmt"/>
        <line num="20" count="2" type="stmt"/>
        <line num="21" count="2" type="stmt"/>
        <line num="23" count="2" type="cond" truecount="2" falsecount="3"/>
        <line num="24" count="2" type="stmt"/>
        <line num="30" count="2" type="stmt"/>
        <line num="33" count="0" type="stmt"/>
        <line num="34" count="0" type="stmt"/>
        <line num="37" count="0" type="cond" truecount="0" falsecount="2"/>
        <line num="38" count="0" type="stmt"/>
        <line num="46" count="0" type="stmt"/>
        <line num="49" count="0" type="stmt"/>
        <line num="56" count="0" type="stmt"/>
        <line num="57" count="0" type="stmt"/>
        <line num="65" count="0" type="stmt"/>
        <line num="69" count="10" type="stmt"/>
        <line num="73" count="0" type="stmt"/>
      </file>
      <file name="gemini.ts" path="C:\Users\Shrey\Desktop\Promptwars\lib\gemini.ts">
        <metrics statements="43" coveredstatements="8" conditionals="21" coveredconditionals="2" methods="4" coveredmethods="1"/>
        <line num="4" count="1" type="stmt"/>
        <line num="7" count="0" type="stmt"/>
        <line num="8" count="0" type="cond" truecount="0" falsecount="4"/>
        <line num="9" count="0" type="stmt"/>
        <line num="14" count="0" type="cond" truecount="0" falsecount="2"/>
        <line num="15" count="0" type="stmt"/>
        <line num="18" count="0" type="stmt"/>
        <line num="31" count="2" type="stmt"/>
        <line num="32" count="2" type="cond" truecount="1" falsecount="1"/>
        <line num="33" count="2" type="stmt"/>
        <line num="34" count="0" type="cond" truecount="0" falsecount="2"/>
        <line num="35" count="0" type="stmt"/>
        <line num="37" count="2" type="cond" truecount="1" falsecount="1"/>
        <line num="38" count="2" type="stmt"/>
        <line num="40" count="2" type="stmt"/>
        <line num="42" count="2" type="stmt"/>
        <line num="52" count="0" type="stmt"/>
        <line num="53" count="0" type="cond" truecount="0" falsecount="3"/>
        <line num="54" count="0" type="stmt"/>
        <line num="57" count="0" type="stmt"/>
        <line num="67" count="0" type="stmt"/>
        <line num="68" count="0" type="cond" truecount="0" falsecount="2"/>
        <line num="69" count="0" type="stmt"/>
        <line num="71" count="0" type="stmt"/>
        <line num="74" count="0" type="stmt"/>
        <line num="75" count="0" type="stmt"/>
        <line num="76" count="0" type="stmt"/>
        <line num="78" count="0" type="cond" truecount="0" falsecount="2"/>
        <line num="79" count="0" type="stmt"/>
        <line num="80" count="0" type="stmt"/>
        <line num="81" count="0" type="stmt"/>
        <line num="83" count="0" type="cond" truecount="0" falsecount="2"/>
        <line num="84" count="0" type="stmt"/>
        <line num="85" count="0" type="stmt"/>
        <line num="89" count="0" type="stmt"/>
        <line num="90" count="0" type="stmt"/>
        <line num="92" count="0" type="stmt"/>
        <line num="93" count="0" type="stmt"/>
        <line num="94" count="0" type="stmt"/>
        <line num="95" count="0" type="stmt"/>
        <line num="96" count="0" type="stmt"/>
        <line num="98" count="0" type="stmt"/>
        <line num="99" count="0" type="stmt"/>
      </file>
      <file name="ideas.ts" path="C:\Users\Shrey\Desktop\Promptwars\lib\ideas.ts">
        <metrics statements="2" coveredstatements="1" conditionals="0" coveredconditionals="0" methods="2" coveredmethods="0"/>
        <line num="62" count="2" type="stmt"/>
        <line num="856" count="0" type="stmt"/>
      </file>
      <file name="validations.ts" path="C:\Users\Shrey\Desktop\Promptwars\lib\validations.ts">
        <metrics statements="15" coveredstatements="12" conditionals="6" coveredconditionals="0" methods="1" coveredmethods="0"/>
        <line num="6" count="1" type="stmt"/>
        <line num="15" count="1" type="stmt"/>
        <line num="19" count="0" type="cond" truecount="0" falsecount="2"/>
        <line num="20" count="0" type="cond" truecount="0" falsecount="4"/>
        <line num="21" count="0" type="stmt"/>
        <line num="32" count="1" type="stmt"/>
        <line num="44" count="1" type="stmt"/>
        <line num="59" count="1" type="stmt"/>
        <line num="69" count="1" type="stmt"/>
        <line num="78" count="1" type="stmt"/>
        <line num="109" count="1" type="stmt"/>
        <line num="125" count="1" type="stmt"/>
        <line num="132" count="1" type="stmt"/>
        <line num="141" count="1" type="stmt"/>
        <line num="150" count="1" type="stmt"/>
      </file>
    </package>
    <package name="services">
      <metrics statements="131" coveredstatements="77" conditionals="92" coveredconditionals="40" methods="24" coveredmethods="15"/>
      <file name="profile-service.ts" path="C:\Users\Shrey\Desktop\Promptwars\services\profile-service.ts">
        <metrics statements="16" coveredstatements="12" conditionals="10" coveredconditionals="5" methods="2" coveredmethods="2"/>
        <line num="4" count="1" type="stmt"/>
        <line num="6" count="1" type="stmt"/>
        <line num="22" count="2" type="stmt"/>
        <line num="24" count="2" type="cond" truecount="1" falsecount="1"/>
        <line num="25" count="0" type="stmt"/>
        <line num="26" count="0" type="cond" truecount="0" falsecount="2"/>
        <line num="27" count="0" type="stmt"/>
        <line num="30" count="2" type="stmt"/>
        <line num="31" count="2" type="cond" truecount="2" falsecount="0"/>
        <line num="34" count="1" type="stmt"/>
        <line num="47" count="1" type="stmt"/>
        <line num="48" count="1" type="stmt"/>
        <line num="52" count="1" type="cond" truecount="1" falsecount="1"/>
        <line num="53" count="0" type="stmt"/>
        <line num="55" count="1" type="stmt"/>
        <line num="58" count="1" type="stmt"/>
      </file>
      <file name="project-service.ts" path="C:\Users\Shrey\Desktop\Promptwars\services\project-service.ts">
        <metrics statements="80" coveredstatements="54" conditionals="60" coveredconditionals="29" methods="16" coveredmethods="12"/>
        <line num="8" count="2" type="stmt"/>
        <line num="11" count="7" type="stmt"/>
        <line num="12" count="7" type="cond" truecount="2" falsecount="0"/>
        <line num="13" count="2" type="stmt"/>
        <line num="15" count="2" type="stmt"/>
        <line num="16" count="40" type="stmt"/>
        <line num="25" count="120" type="stmt"/>
        <line num="35" count="10" type="stmt"/>
        <line num="53" count="50" type="stmt"/>
        <line num="61" count="40" type="stmt"/>
        <line num="73" count="10" type="stmt"/>
        <line num="75" count="2" type="stmt"/>
        <line num="77" count="7" type="stmt"/>
        <line num="96" count="1" type="stmt"/>
        <line num="97" count="1" type="cond" truecount="1" falsecount="1"/>
        <line num="98" count="1" type="stmt"/>
        <line num="105" count="1" type="cond" truecount="1" falsecount="1"/>
        <line num="106" count="0" type="stmt"/>
        <line num="107" count="0" type="stmt"/>
        <line num="108" count="0" type="stmt"/>
        <line num="112" count="1" type="stmt"/>
        <line num="113" count="1" type="stmt"/>
        <line num="114" count="1" type="stmt"/>
        <line num="124" count="1" type="stmt"/>
        <line num="125" count="1" type="stmt"/>
        <line num="127" count="1" type="cond" truecount="1" falsecount="1"/>
        <line num="128" count="0" type="stmt"/>
        <line num="130" count="0" type="cond" truecount="0" falsecount="4"/>
        <line num="131" count="0" type="stmt"/>
        <line num="133" count="0" type="cond" truecount="0" falsecount="4"/>
        <line num="134" count="0" type="stmt"/>
        <line num="136" count="0" type="cond" truecount="0" falsecount="2"/>
        <line num="137" count="0" type="stmt"/>
        <line num="140" count="0" type="stmt"/>
        <line num="141" count="0" type="stmt"/>
        <line num="143" count="1" type="stmt"/>
        <line num="144" count="1" type="stmt"/>
        <line num="146" count="1" type="cond" truecount="2" falsecount="2"/>
        <line num="147" count="0" type="cond" truecount="0" falsecount="2"/>
        <line num="149" count="1" type="cond" truecount="2" falsecount="2"/>
        <line num="150" count="0" type="stmt"/>
        <line num="152" count="1" type="cond" truecount="1" falsecount="1"/>
        <line num="153" count="6" type="stmt"/>
        <line num="157" count="1" type="cond" truecount="1" falsecount="1"/>
        <line num="158" count="0" type="stmt"/>
        <line num="159" count="0" type="stmt"/>
        <line num="161" count="0" type="cond" truecount="0" falsecount="3"/>
        <line num="167" count="1" type="stmt"/>
        <line num="168" count="1" type="cond" truecount="2" falsecount="0"/>
        <line num="169" count="1" type="cond" truecount="2" falsecount="0"/>
        <line num="170" count="1" type="stmt"/>
        <line num="171" count="1" type="stmt"/>
        <line num="173" count="1" type="stmt"/>
        <line num="183" count="4" type="stmt"/>
        <line num="185" count="4" type="cond" truecount="1" falsecount="1"/>
        <line num="187" count="0" type="stmt"/>
        <line num="188" count="0" type="stmt"/>
        <line num="190" count="0" type="cond" truecount="0" falsecount="2"/>
        <line num="191" count="0" type="stmt"/>
        <line num="195" count="0" type="stmt"/>
        <line num="203" count="0" type="cond" truecount="0" falsecount="2"/>
        <line num="204" count="0" type="stmt"/>
        <line num="207" count="4" type="stmt"/>
        <line num="209" count="4" type="cond" truecount="2" falsecount="0"/>
        <line num="210" count="5" type="stmt"/>
        <line num="212" count="4" type="cond" truecount="2" falsecount="0"/>
        <line num="213" count="3" type="stmt"/>
        <line num="217" count="1" type="stmt"/>
        <line num="228" count="1" type="stmt"/>
        <line num="229" count="1" type="stmt"/>
        <line num="235" count="1" type="stmt"/>
        <line num="236" count="1" type="cond" truecount="1" falsecount="1"/>
        <line num="237" count="0" type="stmt"/>
        <line num="238" count="0" type="stmt"/>
        <line num="240" count="1" type="stmt"/>
        <line num="241" count="1" type="stmt"/>
        <line num="244" count="1" type="stmt"/>
        <line num="255" count="1" type="stmt"/>
        <line num="256" count="1" type="cond" truecount="1" falsecount="1"/>
        <line num="257" count="1" type="stmt"/>
      </file>
      <file name="roadmap-service.ts" path="C:\Users\Shrey\Desktop\Promptwars\services\roadmap-service.ts">
        <metrics statements="35" coveredstatements="11" conditionals="22" coveredconditionals="6" methods="6" coveredmethods="1"/>
        <line num="21" count="3" type="stmt"/>
        <line num="22" count="3" type="stmt"/>
        <line num="24" count="3" type="stmt"/>
        <line num="25" count="5" type="cond" truecount="3" falsecount="1"/>
        <line num="26" count="5" type="stmt"/>
        <line num="27" count="9" type="stmt"/>
        <line num="28" count="9" type="cond" truecount="2" falsecount="0"/>
        <line num="29" count="3" type="stmt"/>
        <line num="35" count="3" type="cond" truecount="1" falsecount="1"/>
        <line num="36" count="3" type="stmt"/>
        <line num="38" count="3" type="stmt"/>
        <line num="53" count="0" type="stmt"/>
        <line num="54" count="0" type="stmt"/>
        <line num="56" count="0" type="stmt"/>
        <line num="76" count="0" type="stmt"/>
        <line num="77" count="0" type="stmt"/>
        <line num="79" count="0" type="stmt"/>
        <line num="80" count="0" type="cond" truecount="0" falsecount="2"/>
        <line num="81" count="0" type="stmt"/>
        <line num="82" count="0" type="cond" truecount="0" falsecount="2"/>
        <line num="83" count="0" type="stmt"/>
        <line num="84" count="0" type="stmt"/>
        <line num="86" count="0" type="stmt"/>
        <line num="88" count="0" type="stmt"/>
        <line num="91" count="0" type="cond" truecount="0" falsecount="2"/>
        <line num="93" count="0" type="stmt"/>
        <line num="94" count="0" type="cond" truecount="0" falsecount="4"/>
        <line num="95" count="0" type="stmt"/>
        <line num="96" count="0" type="cond" truecount="0" falsecount="4"/>
        <line num="97" count="0" type="stmt"/>
        <line num="98" count="0" type="stmt"/>
        <line num="101" count="0" type="stmt"/>
        <line num="105" count="0" type="stmt"/>
        <line num="106" count="0" type="stmt"/>
        <line num="108" count="0" type="stmt"/>
      </file>
    </package>
  </project>
</coverage>
