{"C:\\Users\\Shrey\\Desktop\\Promptwars\\lib\\auth-server.ts": {"path":"C:\\Users\\Shrey\\Desktop\\Promptwars\\lib\\auth-server.ts","statementMap":{"0":{"start":{"line":12,"column":29},"end":{"line":12,"column":null}},"1":{"start":{"line":14,"column":44},"end":{"line":19,"column":null}},"2":{"start":{"line":26,"column":21},"end":{"line":26,"column":null}},"3":{"start":{"line":28,"column":2},"end":{"line":30,"column":null}},"4":{"start":{"line":29,"column":4},"end":{"line":29,"column":null}},"5":{"start":{"line":32,"column":16},"end":{"line":32,"column":null}},"6":{"start":{"line":33,"column":2},"end":{"line":35,"column":null}},"7":{"start":{"line":34,"column":4},"end":{"line":34,"column":null}},"8":{"start":{"line":37,"column":16},"end":{"line":37,"column":null}},"9":{"start":{"line":40,"column":2},"end":{"line":42,"column":null}},"10":{"start":{"line":41,"column":4},"end":{"line":41,"column":null}},"11":{"start":{"line":44,"column":33},"end":{"line":44,"column":50}},"12":{"start":{"line":46,"column":2},"end":{"line":58,"column":null}},"13":{"start":{"line":49,"column":4},"end":{"line":56,"column":null}},"14":{"start":{"line":50,"column":6},"end":{"line":55,"column":null}},"15":{"start":{"line":57,"column":4},"end":{"line":57,"column":null}},"16":{"start":{"line":60,"column":2},"end":{"line":71,"column":null}},"17":{"start":{"line":61,"column":20},"end":{"line":61,"column":null}},"18":{"start":{"line":62,"column":4},"end":{"line":67,"column":null}},"19":{"start":{"line":69,"column":16},"end":{"line":69,"column":null}},"20":{"start":{"line":70,"column":4},"end":{"line":70,"column":null}}},"fnMap":{"0":{"name":"requireAuth","decl":{"start":{"line":25,"column":22},"end":{"line":25,"column":34}},"loc":{"start":{"line":25,"column":84},"end":{"line":72,"column":null}},"line":25}},"branchMap":{"0":{"loc":{"start":{"line":26,"column":21},"end":{"line":26,"column":null}},"type":"binary-expr","locations":[{"start":{"line":26,"column":21},"end":{"line":26,"column":61}},{"start":{"line":26,"column":61},"end":{"line":26,"column":null}}],"line":26},"1":{"loc":{"start":{"line":28,"column":2},"end":{"line":30,"column":null}},"type":"if","locations":[{"start":{"line":28,"column":2},"end":{"line":30,"column":null}},{"start":{},"end":{}}],"line":28},"2":{"loc":{"start":{"line":33,"column":2},"end":{"line":35,"column":null}},"type":"if","locations":[{"start":{"line":33,"column":2},"end":{"line":35,"column":null}},{"start":{},"end":{}}],"line":33},"3":{"loc":{"start":{"line":33,"column":6},"end":{"line":33,"column":65}},"type":"binary-expr","locations":[{"start":{"line":33,"column":6},"end":{"line":33,"column":28}},{"start":{"line":33,"column":28},"end":{"line":33,"column":65}}],"line":33},"4":{"loc":{"start":{"line":40,"column":2},"end":{"line":42,"column":null}},"type":"if","locations":[{"start":{"line":40,"column":2},"end":{"line":42,"column":null}},{"start":{},"end":{}}],"line":40},"5":{"loc":{"start":{"line":40,"column":6},"end":{"line":40,"column":77}},"type":"binary-expr","locations":[{"start":{"line":40,"column":6},"end":{"line":40,"column":42}},{"start":{"line":40,"column":42},"end":{"line":40,"column":77}}],"line":40},"6":{"loc":{"start":{"line":46,"column":2},"end":{"line":58,"column":null}},"type":"if","locations":[{"start":{"line":46,"column":2},"end":{"line":58,"column":null}},{"start":{},"end":{}}],"line":46},"7":{"loc":{"start":{"line":46,"column":6},"end":{"line":46,"column":30}},"type":"binary-expr","locations":[{"start":{"line":46,"column":6},"end":{"line":46,"column":23}},{"start":{"line":46,"column":23},"end":{"line":46,"column":30}}],"line":46},"8":{"loc":{"start":{"line":49,"column":4},"end":{"line":56,"column":null}},"type":"if","locations":[{"start":{"line":49,"column":4},"end":{"line":56,"column":null}},{"start":{},"end":{}}],"line":49},"9":{"loc":{"start":{"line":64,"column":13},"end":{"line":64,"column":null}},"type":"binary-expr","locations":[{"start":{"line":64,"column":13},"end":{"line":64,"column":30}},{"start":{"line":64,"column":30},"end":{"line":64,"column":null}}],"line":64},"10":{"loc":{"start":{"line":65,"column":12},"end":{"line":65,"column":null}},"type":"binary-expr","locations":[{"start":{"line":65,"column":12},"end":{"line":65,"column":28}},{"start":{"line":65,"column":28},"end":{"line":65,"column":null}}],"line":65},"11":{"loc":{"start":{"line":69,"column":16},"end":{"line":69,"column":null}},"type":"cond-expr","locations":[{"start":{"line":69,"column":39},"end":{"line":69,"column":53}},{"start":{"line":69,"column":53},"end":{"line":69,"column":null}}],"line":69}},"s":{"0":1,"1":1,"2":3,"3":3,"4":1,"5":2,"6":2,"7":1,"8":1,"9":1,"10":1,"11":0,"12":0,"13":0,"14":0,"15":0,"16":0,"17":0,"18":0,"19":0,"20":0},"f":{"0":3},"b":{"0":[3,1],"1":[1,2],"2":[1,1],"3":[2,2],"4":[1,0],"5":[1,0],"6":[0,0],"7":[0,0],"8":[0,0],"9":[0,0],"10":[3,0],"11":[0,0]},"meta":{"lastBranch":12,"lastFunction":1,"lastStatement":21,"seen":{"s:12:29:12:Infinity":0,"s:14:44:19:Infinity":1,"f:25:22:25:34":0,"s:26:21:26:Infinity":2,"b:26:21:26:61:26:61:26:Infinity":0,"b:28:2:30:Infinity:undefined:undefined:undefined:undefined":1,"s:28:2:30:Infinity":3,"s:29:4:29:Infinity":4,"s:32:16:32:Infinity":5,"b:33:2:35:Infinity:undefined:undefined:undefined:undefined":2,"s:33:2:35:Infinity":6,"b:33:6:33:28:33:28:33:65":3,"s:34:4:34:Infinity":7,"s:37:16:37:Infinity":8,"b:40:2:42:Infinity:undefined:undefined:undefined:undefined":4,"s:40:2:42:Infinity":9,"b:40:6:40:42:40:42:40:77":5,"s:41:4:41:Infinity":10,"s:44:33:44:50":11,"b:46:2:58:Infinity:undefined:undefined:undefined:undefined":6,"s:46:2:58:Infinity":12,"b:46:6:46:23:46:23:46:30":7,"b:49:4:56:Infinity:undefined:undefined:undefined:undefined":8,"s:49:4:56:Infinity":13,"s:50:6:55:Infinity":14,"s:57:4:57:Infinity":15,"s:60:2:71:Infinity":16,"s:61:20:61:Infinity":17,"s:62:4:67:Infinity":18,"b:64:13:64:30:64:30:64:Infinity":9,"b:65:12:65:28:65:28:65:Infinity":10,"s:69:16:69:Infinity":19,"b:69:39:69:53:69:53:69:Infinity":11,"s:70:4:70:Infinity":20},"fnNames":{}}}
,"C:\\Users\\Shrey\\Desktop\\Promptwars\\lib\\errors.ts": {"path":"C:\\Users\\Shrey\\Desktop\\Promptwars\\lib\\errors.ts","statementMap":{"0":{"start":{"line":12,"column":4},"end":{"line":12,"column":null}},"1":{"start":{"line":13,"column":4},"end":{"line":13,"column":null}},"2":{"start":{"line":14,"column":4},"end":{"line":14,"column":null}},"3":{"start":{"line":15,"column":4},"end":{"line":15,"column":null}},"4":{"start":{"line":16,"column":4},"end":{"line":16,"column":null}},"5":{"start":{"line":17,"column":4},"end":{"line":17,"column":null}},"6":{"start":{"line":23,"column":4},"end":{"line":23,"column":null}},"7":{"start":{"line":29,"column":4},"end":{"line":29,"column":null}},"8":{"start":{"line":35,"column":4},"end":{"line":35,"column":null}},"9":{"start":{"line":41,"column":4},"end":{"line":41,"column":null}},"10":{"start":{"line":47,"column":4},"end":{"line":47,"column":null}},"11":{"start":{"line":53,"column":4},"end":{"line":53,"column":null}}},"fnMap":{"0":{"name":"constructor","decl":{"start":{"line":11,"column":2},"end":{"line":11,"column":14}},"loc":{"start":{"line":11,"column":100},"end":{"line":18,"column":null}},"line":11},"1":{"name":"constructor_2","decl":{"start":{"line":22,"column":2},"end":{"line":22,"column":14}},"loc":{"start":{"line":22,"column":92},"end":{"line":24,"column":null}},"line":22},"2":{"name":"constructor_3","decl":{"start":{"line":28,"column":2},"end":{"line":28,"column":14}},"loc":{"start":{"line":28,"column":74},"end":{"line":30,"column":null}},"line":28},"3":{"name":"constructor_4","decl":{"start":{"line":34,"column":2},"end":{"line":34,"column":14}},"loc":{"start":{"line":34,"column":81},"end":{"line":36,"column":null}},"line":34},"4":{"name":"constructor_5","decl":{"start":{"line":40,"column":2},"end":{"line":40,"column":14}},"loc":{"start":{"line":40,"column":66},"end":{"line":42,"column":null}},"line":40},"5":{"name":"constructor_6","decl":{"start":{"line":46,"column":2},"end":{"line":46,"column":14}},"loc":{"start":{"line":46,"column":102},"end":{"line":48,"column":null}},"line":46},"6":{"name":"constructor_7","decl":{"start":{"line":52,"column":2},"end":{"line":52,"column":14}},"loc":{"start":{"line":52,"column":119},"end":{"line":54,"column":null}},"line":52}},"branchMap":{"0":{"loc":{"start":{"line":11,"column":31},"end":{"line":11,"column":49}},"type":"default-arg","locations":[{"start":{"line":11,"column":44},"end":{"line":11,"column":49}}],"line":11},"1":{"loc":{"start":{"line":11,"column":49},"end":{"line":11,"column":81}},"type":"default-arg","locations":[{"start":{"line":11,"column":56},"end":{"line":11,"column":81}}],"line":11},"2":{"loc":{"start":{"line":22,"column":14},"end":{"line":22,"column":51}},"type":"default-arg","locations":[{"start":{"line":22,"column":24},"end":{"line":22,"column":51}}],"line":22},"3":{"loc":{"start":{"line":22,"column":51},"end":{"line":22,"column":73}},"type":"default-arg","locations":[{"start":{"line":22,"column":58},"end":{"line":22,"column":73}}],"line":22},"4":{"loc":{"start":{"line":28,"column":14},"end":{"line":28,"column":51}},"type":"default-arg","locations":[{"start":{"line":28,"column":24},"end":{"line":28,"column":51}}],"line":28},"5":{"loc":{"start":{"line":28,"column":51},"end":{"line":28,"column":74}},"type":"default-arg","locations":[{"start":{"line":28,"column":58},"end":{"line":28,"column":74}}],"line":28},"6":{"loc":{"start":{"line":34,"column":14},"end":{"line":34,"column":61}},"type":"default-arg","locations":[{"start":{"line":34,"column":24},"end":{"line":34,"column":61}}],"line":34},"7":{"loc":{"start":{"line":34,"column":61},"end":{"line":34,"column":81}},"type":"default-arg","locations":[{"start":{"line":34,"column":68},"end":{"line":34,"column":81}}],"line":34},"8":{"loc":{"start":{"line":40,"column":14},"end":{"line":40,"column":46}},"type":"default-arg","locations":[{"start":{"line":40,"column":24},"end":{"line":40,"column":46}}],"line":40},"9":{"loc":{"start":{"line":40,"column":46},"end":{"line":40,"column":66}},"type":"default-arg","locations":[{"start":{"line":40,"column":53},"end":{"line":40,"column":66}}],"line":40},"10":{"loc":{"start":{"line":46,"column":14},"end":{"line":46,"column":72}},"type":"default-arg","locations":[{"start":{"line":46,"column":24},"end":{"line":46,"column":72}}],"line":46},"11":{"loc":{"start":{"line":46,"column":72},"end":{"line":46,"column":102}},"type":"default-arg","locations":[{"start":{"line":46,"column":79},"end":{"line":46,"column":102}}],"line":46},"12":{"loc":{"start":{"line":52,"column":14},"end":{"line":52,"column":73}},"type":"default-arg","locations":[{"start":{"line":52,"column":24},"end":{"line":52,"column":73}}],"line":52},"13":{"loc":{"start":{"line":52,"column":73},"end":{"line":52,"column":100}},"type":"default-arg","locations":[{"start":{"line":52,"column":80},"end":{"line":52,"column":100}}],"line":52}},"s":{"0":4,"1":4,"2":4,"3":4,"4":4,"5":4,"6":0,"7":2,"8":0,"9":1,"10":0,"11":1},"f":{"0":4,"1":0,"2":2,"3":0,"4":1,"5":0,"6":1},"b":{"0":[4],"1":[4],"2":[0],"3":[0],"4":[2],"5":[2],"6":[0],"7":[0],"8":[1],"9":[1],"10":[0],"11":[0],"12":[1],"13":[1]},"meta":{"lastBranch":14,"lastFunction":7,"lastStatement":12,"seen":{"f:11:2:11:14":0,"b:11:44:11:49":0,"b:11:56:11:81":1,"s:12:4:12:Infinity":0,"s:13:4:13:Infinity":1,"s:14:4:14:Infinity":2,"s:15:4:15:Infinity":3,"s:16:4:16:Infinity":4,"s:17:4:17:Infinity":5,"f:22:2:22:14":1,"b:22:24:22:51":2,"b:22:58:22:73":3,"s:23:4:23:Infinity":6,"f:28:2:28:14":2,"b:28:24:28:51":4,"b:28:58:28:74":5,"s:29:4:29:Infinity":7,"f:34:2:34:14":3,"b:34:24:34:61":6,"b:34:68:34:81":7,"s:35:4:35:Infinity":8,"f:40:2:40:14":4,"b:40:24:40:46":8,"b:40:53:40:66":9,"s:41:4:41:Infinity":9,"f:46:2:46:14":5,"b:46:24:46:72":10,"b:46:79:46:102":11,"s:47:4:47:Infinity":10,"f:52:2:52:14":6,"b:52:24:52:73":12,"b:52:80:52:100":13,"s:53:4:53:Infinity":11},"fnNames":{}}}
,"C:\\Users\\Shrey\\Desktop\\Promptwars\\lib\\firebase-admin.ts": {"path":"C:\\Users\\Shrey\\Desktop\\Promptwars\\lib\\firebase-admin.ts","statementMap":{"0":{"start":{"line":12,"column":39},"end":{"line":12,"column":null}},"1":{"start":{"line":15,"column":2},"end":{"line":17,"column":null}},"2":{"start":{"line":16,"column":4},"end":{"line":16,"column":null}},"3":{"start":{"line":19,"column":20},"end":{"line":19,"column":null}},"4":{"start":{"line":20,"column":22},"end":{"line":20,"column":null}},"5":{"start":{"line":21,"column":24},"end":{"line":21,"column":null}},"6":{"start":{"line":23,"column":2},"end":{"line":31,"column":null}},"7":{"start":{"line":24,"column":4},"end":{"line":29,"column":null}},"8":{"start":{"line":30,"column":4},"end":{"line":30,"column":null}},"9":{"start":{"line":33,"column":2},"end":{"line":63,"column":null}},"10":{"start":{"line":34,"column":25},"end":{"line":34,"column":null}},"11":{"start":{"line":37,"column":4},"end":{"line":47,"column":null}},"12":{"start":{"line":38,"column":6},"end":{"line":44,"column":null}},"13":{"start":{"line":46,"column":6},"end":{"line":46,"column":null}},"14":{"start":{"line":49,"column":4},"end":{"line":54,"column":null}},"15":{"start":{"line":56,"column":4},"end":{"line":56,"column":null}},"16":{"start":{"line":57,"column":4},"end":{"line":62,"column":null}},"17":{"start":{"line":65,"column":2},"end":{"line":65,"column":null}},"18":{"start":{"line":69,"column":2},"end":{"line":69,"column":null}},"19":{"start":{"line":73,"column":2},"end":{"line":73,"column":null}}},"fnMap":{"0":{"name":"getFirebaseAdmin","decl":{"start":{"line":14,"column":16},"end":{"line":14,"column":51}},"loc":{"start":{"line":14,"column":51},"end":{"line":66,"column":null}},"line":14},"1":{"name":"getAdminFirestore","decl":{"start":{"line":68,"column":16},"end":{"line":68,"column":54}},"loc":{"start":{"line":68,"column":54},"end":{"line":70,"column":null}},"line":68},"2":{"name":"getAdminAuth","decl":{"start":{"line":72,"column":16},"end":{"line":72,"column":44}},"loc":{"start":{"line":72,"column":44},"end":{"line":74,"column":null}},"line":72}},"branchMap":{"0":{"loc":{"start":{"line":15,"column":2},"end":{"line":17,"column":null}},"type":"if","locations":[{"start":{"line":15,"column":2},"end":{"line":17,"column":null}},{"start":{},"end":{}}],"line":15},"1":{"loc":{"start":{"line":23,"column":2},"end":{"line":31,"column":null}},"type":"if","locations":[{"start":{"line":23,"column":2},"end":{"line":31,"column":null}},{"start":{},"end":{}}],"line":23},"2":{"loc":{"start":{"line":23,"column":6},"end":{"line":23,"column":52}},"type":"binary-expr","locations":[{"start":{"line":23,"column":6},"end":{"line":23,"column":20}},{"start":{"line":23,"column":20},"end":{"line":23,"column":36}},{"start":{"line":23,"column":36},"end":{"line":23,"column":52}}],"line":23},"3":{"loc":{"start":{"line":37,"column":4},"end":{"line":47,"column":null}},"type":"if","locations":[{"start":{"line":37,"column":4},"end":{"line":47,"column":null}},{"start":{"line":45,"column":11},"end":{"line":47,"column":null}}],"line":37}},"s":{"0":4,"1":10,"2":8,"3":2,"4":2,"5":2,"6":2,"7":2,"8":2,"9":0,"10":0,"11":0,"12":0,"13":0,"14":0,"15":0,"16":0,"17":0,"18":10,"19":0},"f":{"0":10,"1":10,"2":0},"b":{"0":[8,2],"1":[2,0],"2":[2,0,0],"3":[0,0]},"meta":{"lastBranch":4,"lastFunction":3,"lastStatement":20,"seen":{"s:12:39:12:Infinity":0,"f:14:16:14:51":0,"b:15:2:17:Infinity:undefined:undefined:undefined:undefined":0,"s:15:2:17:Infinity":1,"s:16:4:16:Infinity":2,"s:19:20:19:Infinity":3,"s:20:22:20:Infinity":4,"s:21:24:21:Infinity":5,"b:23:2:31:Infinity:undefined:undefined:undefined:undefined":1,"s:23:2:31:Infinity":6,"b:23:6:23:20:23:20:23:36:23:36:23:52":2,"s:24:4:29:Infinity":7,"s:30:4:30:Infinity":8,"s:33:2:63:Infinity":9,"s:34:25:34:Infinity":10,"b:37:4:47:Infinity:45:11:47:Infinity":3,"s:37:4:47:Infinity":11,"s:38:6:44:Infinity":12,"s:46:6:46:Infinity":13,"s:49:4:54:Infinity":14,"s:56:4:56:Infinity":15,"s:57:4:62:Infinity":16,"s:65:2:65:Infinity":17,"f:68:16:68:54":1,"s:69:2:69:Infinity":18,"f:72:16:72:44":2,"s:73:2:73:Infinity":19},"fnNames":{}}}
,"C:\\Users\\Shrey\\Desktop\\Promptwars\\lib\\gemini.ts": {"path":"C:\\Users\\Shrey\\Desktop\\Promptwars\\lib\\gemini.ts","statementMap":{"0":{"start":{"line":4,"column":38},"end":{"line":4,"column":null}},"1":{"start":{"line":7,"column":17},"end":{"line":7,"column":null}},"2":{"start":{"line":8,"column":2},"end":{"line":12,"column":null}},"3":{"start":{"line":9,"column":4},"end":{"line":11,"column":null}},"4":{"start":{"line":14,"column":2},"end":{"line":16,"column":null}},"5":{"start":{"line":15,"column":4},"end":{"line":15,"column":null}},"6":{"start":{"line":18,"column":2},"end":{"line":18,"column":null}},"7":{"start":{"line":31,"column":16},"end":{"line":31,"column":null}},"8":{"start":{"line":32,"column":2},"end":{"line":36,"column":null}},"9":{"start":{"line":33,"column":4},"end":{"line":33,"column":null}},"10":{"start":{"line":34,"column":9},"end":{"line":36,"column":null}},"11":{"start":{"line":35,"column":4},"end":{"line":35,"column":null}},"12":{"start":{"line":37,"column":2},"end":{"line":39,"column":null}},"13":{"start":{"line":38,"column":4},"end":{"line":38,"column":null}},"14":{"start":{"line":40,"column":2},"end":{"line":40,"column":null}},"15":{"start":{"line":42,"column":2},"end":{"line":42,"column":null}},"16":{"start":{"line":52,"column":17},"end":{"line":52,"column":null}},"17":{"start":{"line":53,"column":23},"end":{"line":53,"column":null}},"18":{"start":{"line":54,"column":24},"end":{"line":54,"column":null}},"19":{"start":{"line":57,"column":21},"end":{"line":65,"column":null}},"20":{"start":{"line":67,"column":17},"end":{"line":67,"column":null}},"21":{"start":{"line":68,"column":4},"end":{"line":70,"column":null}},"22":{"start":{"line":69,"column":6},"end":{"line":69,"column":null}},"23":{"start":{"line":71,"column":4},"end":{"line":71,"column":null}},"24":{"start":{"line":74,"column":18},"end":{"line":74,"column":null}},"25":{"start":{"line":75,"column":2},"end":{"line":87,"column":null}},"26":{"start":{"line":76,"column":4},"end":{"line":76,"column":null}},"27":{"start":{"line":78,"column":20},"end":{"line":78,"column":null}},"28":{"start":{"line":79,"column":4},"end":{"line":79,"column":null}},"29":{"start":{"line":80,"column":4},"end":{"line":86,"column":null}},"30":{"start":{"line":81,"column":6},"end":{"line":81,"column":null}},"31":{"start":{"line":83,"column":20},"end":{"line":83,"column":null}},"32":{"start":{"line":84,"column":6},"end":{"line":84,"column":null}},"33":{"start":{"line":85,"column":6},"end":{"line":85,"column":null}},"34":{"start":{"line":89,"column":2},"end":{"line":101,"column":null}},"35":{"start":{"line":90,"column":4},"end":{"line":90,"column":null}},"36":{"start":{"line":92,"column":4},"end":{"line":92,"column":null}},"37":{"start":{"line":93,"column":25},"end":{"line":93,"column":null}},"38":{"start":{"line":94,"column":27},"end":{"line":94,"column":null}},"39":{"start":{"line":95,"column":4},"end":{"line":100,"column":null}},"40":{"start":{"line":96,"column":6},"end":{"line":96,"column":null}},"41":{"start":{"line":98,"column":6},"end":{"line":98,"column":null}},"42":{"start":{"line":99,"column":6},"end":{"line":99,"column":null}}},"fnMap":{"0":{"name":"getGeminiClient","decl":{"start":{"line":6,"column":16},"end":{"line":6,"column":47}},"loc":{"start":{"line":6,"column":47},"end":{"line":19,"column":null}},"line":6},"1":{"name":"extractJsonFromText","decl":{"start":{"line":30,"column":16},"end":{"line":30,"column":36}},"loc":{"start":{"line":30,"column":62},"end":{"line":43,"column":null}},"line":30},"2":{"name":"callGeminiStructured","decl":{"start":{"line":49,"column":22},"end":{"line":49,"column":null}},"loc":{"start":{"line":51,"column":14},"end":{"line":102,"column":null}},"line":51},"3":{"name":"executeCall","decl":{"start":{"line":56,"column":17},"end":{"line":56,"column":29}},"loc":{"start":{"line":56,"column":81},"end":{"line":72,"column":null}},"line":56}},"branchMap":{"0":{"loc":{"start":{"line":8,"column":2},"end":{"line":12,"column":null}},"type":"if","locations":[{"start":{"line":8,"column":2},"end":{"line":12,"column":null}},{"start":{},"end":{}}],"line":8},"1":{"loc":{"start":{"line":8,"column":6},"end":{"line":8,"column":56}},"type":"binary-expr","locations":[{"start":{"line":8,"column":6},"end":{"line":8,"column":17}},{"start":{"line":8,"column":17},"end":{"line":8,"column":56}}],"line":8},"2":{"loc":{"start":{"line":14,"column":2},"end":{"line":16,"column":null}},"type":"if","locations":[{"start":{"line":14,"column":2},"end":{"line":16,"column":null}},{"start":{},"end":{}}],"line":14},"3":{"loc":{"start":{"line":32,"column":2},"end":{"line":36,"column":null}},"type":"if","locations":[{"start":{"line":32,"column":2},"end":{"line":36,"column":null}},{"start":{"line":34,"column":9},"end":{"line":36,"column":null}}],"line":32},"4":{"loc":{"start":{"line":34,"column":9},"end":{"line":36,"column":null}},"type":"if","locations":[{"start":{"line":34,"column":9},"end":{"line":36,"column":null}},{"start":{},"end":{}}],"line":34},"5":{"loc":{"start":{"line":37,"column":2},"end":{"line":39,"column":null}},"type":"if","locations":[{"start":{"line":37,"column":2},"end":{"line":39,"column":null}},{"start":{},"end":{}}],"line":37},"6":{"loc":{"start":{"line":53,"column":23},"end":{"line":53,"column":null}},"type":"binary-expr","locations":[{"start":{"line":53,"column":23},"end":{"line":53,"column":43}},{"start":{"line":53,"column":43},"end":{"line":53,"column":71}},{"start":{"line":53,"column":71},"end":{"line":53,"column":null}}],"line":53},"7":{"loc":{"start":{"line":68,"column":4},"end":{"line":70,"column":null}},"type":"if","locations":[{"start":{"line":68,"column":4},"end":{"line":70,"column":null}},{"start":{},"end":{}}],"line":68},"8":{"loc":{"start":{"line":78,"column":20},"end":{"line":78,"column":null}},"type":"cond-expr","locations":[{"start":{"line":78,"column":43},"end":{"line":78,"column":57}},{"start":{"line":78,"column":57},"end":{"line":78,"column":null}}],"line":78},"9":{"loc":{"start":{"line":83,"column":20},"end":{"line":83,"column":null}},"type":"cond-expr","locations":[{"start":{"line":83,"column":51},"end":{"line":83,"column":73}},{"start":{"line":83,"column":73},"end":{"line":83,"column":null}}],"line":83}},"s":{"0":1,"1":0,"2":0,"3":0,"4":0,"5":0,"6":0,"7":2,"8":2,"9":2,"10":0,"11":0,"12":2,"13":2,"14":2,"15":2,"16":0,"17":0,"18":0,"19":0,"20":0,"21":0,"22":0,"23":0,"24":0,"25":0,"26":0,"27":0,"28":0,"29":0,"30":0,"31":0,"32":0,"33":0,"34":0,"35":0,"36":0,"37":0,"38":0,"39":0,"40":0,"41":0,"42":0},"f":{"0":0,"1":2,"2":0,"3":0},"b":{"0":[0,0],"1":[0,0],"2":[0,0],"3":[2,0],"4":[0,0],"5":[2,0],"6":[0,0,0],"7":[0,0],"8":[0,0],"9":[0,0]},"meta":{"lastBranch":10,"lastFunction":4,"lastStatement":43,"seen":{"s:4:38:4:Infinity":0,"f:6:16:6:47":0,"s:7:17:7:Infinity":1,"b:8:2:12:Infinity:undefined:undefined:undefined:undefined":0,"s:8:2:12:Infinity":2,"b:8:6:8:17:8:17:8:56":1,"s:9:4:11:Infinity":3,"b:14:2:16:Infinity:undefined:undefined:undefined:undefined":2,"s:14:2:16:Infinity":4,"s:15:4:15:Infinity":5,"s:18:2:18:Infinity":6,"f:30:16:30:36":1,"s:31:16:31:Infinity":7,"b:32:2:36:Infinity:34:9:36:Infinity":3,"s:32:2:36:Infinity":8,"s:33:4:33:Infinity":9,"b:34:9:36:Infinity:undefined:undefined:undefined:undefined":4,"s:34:9:36:Infinity":10,"s:35:4:35:Infinity":11,"b:37:2:39:Infinity:undefined:undefined:undefined:undefined":5,"s:37:2:39:Infinity":12,"s:38:4:38:Infinity":13,"s:40:2:40:Infinity":14,"s:42:2:42:Infinity":15,"f:49:22:49:Infinity":2,"s:52:17:52:Infinity":16,"s:53:23:53:Infinity":17,"b:53:23:53:43:53:43:53:71:53:71:53:Infinity":6,"s:54:24:54:Infinity":18,"f:56:17:56:29":3,"s:57:21:65:Infinity":19,"s:67:17:67:Infinity":20,"b:68:4:70:Infinity:undefined:undefined:undefined:undefined":7,"s:68:4:70:Infinity":21,"s:69:6:69:Infinity":22,"s:71:4:71:Infinity":23,"s:74:18:74:Infinity":24,"s:75:2:87:Infinity":25,"s:76:4:76:Infinity":26,"s:78:20:78:Infinity":27,"b:78:43:78:57:78:57:78:Infinity":8,"s:79:4:79:Infinity":28,"s:80:4:86:Infinity":29,"s:81:6:81:Infinity":30,"s:83:20:83:Infinity":31,"b:83:51:83:73:83:73:83:Infinity":9,"s:84:6:84:Infinity":32,"s:85:6:85:Infinity":33,"s:89:2:101:Infinity":34,"s:90:4:90:Infinity":35,"s:92:4:92:Infinity":36,"s:93:25:93:Infinity":37,"s:94:27:94:Infinity":38,"s:95:4:100:Infinity":39,"s:96:6:96:Infinity":40,"s:98:6:98:Infinity":41,"s:99:6:99:Infinity":42},"fnNames":{}}}
,"C:\\Users\\Shrey\\Desktop\\Promptwars\\lib\\ideas.ts": {"path":"C:\\Users\\Shrey\\Desktop\\Promptwars\\lib\\ideas.ts","statementMap":{"0":{"start":{"line":62,"column":29},"end":{"line":853,"column":null}},"1":{"start":{"line":856,"column":2},"end":{"line":856,"column":null}},"2":{"start":{"line":856,"column":27},"end":{"line":856,"column":42}}},"fnMap":{"0":{"name":"getIdea","decl":{"start":{"line":855,"column":16},"end":{"line":855,"column":24}},"loc":{"start":{"line":855,"column":56},"end":{"line":857,"column":null}},"line":855},"1":{"name":"(anonymous_1)","decl":{"start":{"line":856,"column":15},"end":{"line":856,"column":21}},"loc":{"start":{"line":856,"column":27},"end":{"line":856,"column":42}},"line":856}},"branchMap":{},"s":{"0":2,"1":0,"2":0},"f":{"0":0,"1":0},"b":{},"meta":{"lastBranch":0,"lastFunction":2,"lastStatement":3,"seen":{"s:62:29:853:Infinity":0,"f:855:16:855:24":0,"s:856:2:856:Infinity":1,"f:856:15:856:21":1,"s:856:27:856:42":2},"fnNames":{}}}
,"C:\\Users\\Shrey\\Desktop\\Promptwars\\lib\\validations.ts": {"path":"C:\\Users\\Shrey\\Desktop\\Promptwars\\lib\\validations.ts","statementMap":{"0":{"start":{"line":6,"column":32},"end":{"line":10,"column":null}},"1":{"start":{"line":15,"column":35},"end":{"line":27,"column":null}},"2":{"start":{"line":19,"column":4},"end":{"line":19,"column":null}},"3":{"start":{"line":19,"column":27},"end":{"line":19,"column":null}},"4":{"start":{"line":20,"column":4},"end":{"line":20,"column":null}},"5":{"start":{"line":20,"column":53},"end":{"line":20,"column":null}},"6":{"start":{"line":21,"column":4},"end":{"line":21,"column":null}},"7":{"start":{"line":32,"column":33},"end":{"line":39,"column":null}},"8":{"start":{"line":44,"column":34},"end":{"line":54,"column":null}},"9":{"start":{"line":59,"column":42},"end":{"line":64,"column":null}},"10":{"start":{"line":69,"column":34},"end":{"line":73,"column":null}},"11":{"start":{"line":78,"column":33},"end":{"line":104,"column":null}},"12":{"start":{"line":109,"column":37},"end":{"line":120,"column":null}},"13":{"start":{"line":125,"column":36},"end":{"line":127,"column":null}},"14":{"start":{"line":132,"column":32},"end":{"line":136,"column":null}},"15":{"start":{"line":141,"column":34},"end":{"line":145,"column":null}},"16":{"start":{"line":150,"column":36},"end":{"line":160,"column":null}}},"fnMap":{"0":{"name":"(anonymous_0)","decl":{"start":{"line":18,"column":111},"end":{"line":18,"column":122}},"loc":{"start":{"line":18,"column":128},"end":{"line":22,"column":3}},"line":18}},"branchMap":{"0":{"loc":{"start":{"line":19,"column":4},"end":{"line":19,"column":null}},"type":"if","locations":[{"start":{"line":19,"column":4},"end":{"line":19,"column":null}},{"start":{},"end":{}}],"line":19},"1":{"loc":{"start":{"line":20,"column":4},"end":{"line":20,"column":null}},"type":"if","locations":[{"start":{"line":20,"column":4},"end":{"line":20,"column":null}},{"start":{},"end":{}}],"line":20},"2":{"loc":{"start":{"line":20,"column":8},"end":{"line":20,"column":53}},"type":"binary-expr","locations":[{"start":{"line":20,"column":8},"end":{"line":20,"column":31}},{"start":{"line":20,"column":31},"end":{"line":20,"column":53}}],"line":20}},"s":{"0":1,"1":1,"2":0,"3":0,"4":0,"5":0,"6":0,"7":1,"8":1,"9":1,"10":1,"11":1,"12":1,"13":1,"14":1,"15":1,"16":1},"f":{"0":0},"b":{"0":[0,0],"1":[0,0],"2":[0,0]},"meta":{"lastBranch":3,"lastFunction":1,"lastStatement":17,"seen":{"s:6:32:10:Infinity":0,"s:15:35:27:Infinity":1,"f:18:111:18:122":0,"b:19:4:19:Infinity:undefined:undefined:undefined:undefined":0,"s:19:4:19:Infinity":2,"s:19:27:19:Infinity":3,"b:20:4:20:Infinity:undefined:undefined:undefined:undefined":1,"s:20:4:20:Infinity":4,"b:20:8:20:31:20:31:20:53":2,"s:20:53:20:Infinity":5,"s:21:4:21:Infinity":6,"s:32:33:39:Infinity":7,"s:44:34:54:Infinity":8,"s:59:42:64:Infinity":9,"s:69:34:73:Infinity":10,"s:78:33:104:Infinity":11,"s:109:37:120:Infinity":12,"s:125:36:127:Infinity":13,"s:132:32:136:Infinity":14,"s:141:34:145:Infinity":15,"s:150:36:160:Infinity":16},"fnNames":{}}}
,"C:\\Users\\Shrey\\Desktop\\Promptwars\\services\\profile-service.ts": {"path":"C:\\Users\\Shrey\\Desktop\\Promptwars\\services\\profile-service.ts","statementMap":{"0":{"start":{"line":4,"column":27},"end":{"line":4,"column":null}},"1":{"start":{"line":6,"column":44},"end":{"line":16,"column":null}},"2":{"start":{"line":22,"column":13},"end":{"line":22,"column":31}},"3":{"start":{"line":24,"column":2},"end":{"line":32,"column":null}},"4":{"start":{"line":25,"column":16},"end":{"line":25,"column":null}},"5":{"start":{"line":26,"column":4},"end":{"line":28,"column":null}},"6":{"start":{"line":27,"column":6},"end":{"line":27,"column":null}},"7":{"start":{"line":30,"column":16},"end":{"line":30,"column":null}},"8":{"start":{"line":31,"column":4},"end":{"line":31,"column":null}},"9":{"start":{"line":31,"column":13},"end":{"line":31,"column":null}},"10":{"start":{"line":34,"column":2},"end":{"line":37,"column":null}},"11":{"start":{"line":47,"column":13},"end":{"line":47,"column":31}},"12":{"start":{"line":48,"column":38},"end":{"line":50,"column":null}},"13":{"start":{"line":52,"column":2},"end":{"line":56,"column":null}},"14":{"start":{"line":53,"column":4},"end":{"line":53,"column":null}},"15":{"start":{"line":55,"column":4},"end":{"line":55,"column":null}},"16":{"start":{"line":58,"column":2},"end":{"line":58,"column":null}}},"fnMap":{"0":{"name":"getStudentProfile","decl":{"start":{"line":21,"column":22},"end":{"line":21,"column":40}},"loc":{"start":{"line":21,"column":82},"end":{"line":38,"column":null}},"line":21},"1":{"name":"upsertStudentProfile","decl":{"start":{"line":43,"column":22},"end":{"line":43,"column":null}},"loc":{"start":{"line":46,"column":31},"end":{"line":59,"column":null}},"line":46}},"branchMap":{"0":{"loc":{"start":{"line":24,"column":2},"end":{"line":32,"column":null}},"type":"if","locations":[{"start":{"line":24,"column":2},"end":{"line":32,"column":null}},{"start":{"line":29,"column":9},"end":{"line":32,"column":null}}],"line":24},"1":{"loc":{"start":{"line":26,"column":4},"end":{"line":28,"column":null}},"type":"if","locations":[{"start":{"line":26,"column":4},"end":{"line":28,"column":null}},{"start":{},"end":{}}],"line":26},"2":{"loc":{"start":{"line":31,"column":4},"end":{"line":31,"column":null}},"type":"if","locations":[{"start":{"line":31,"column":4},"end":{"line":31,"column":null}},{"start":{},"end":{}}],"line":31},"3":{"loc":{"start":{"line":36,"column":10},"end":{"line":36,"column":null}},"type":"cond-expr","locations":[{"start":{"line":36,"column":33},"end":{"line":36,"column":47}},{"start":{"line":36,"column":47},"end":{"line":36,"column":null}}],"line":36},"4":{"loc":{"start":{"line":52,"column":2},"end":{"line":56,"column":null}},"type":"if","locations":[{"start":{"line":52,"column":2},"end":{"line":56,"column":null}},{"start":{"line":54,"column":9},"end":{"line":56,"column":null}}],"line":52}},"s":{"0":1,"1":1,"2":2,"3":2,"4":0,"5":0,"6":0,"7":2,"8":2,"9":1,"10":1,"11":1,"12":1,"13":1,"14":0,"15":1,"16":1},"f":{"0":2,"1":1},"b":{"0":[0,2],"1":[0,0],"2":[1,1],"3":[0,1],"4":[0,1]},"meta":{"lastBranch":5,"lastFunction":2,"lastStatement":17,"seen":{"s:4:27:4:Infinity":0,"s:6:44:16:Infinity":1,"f:21:22:21:40":0,"s:22:13:22:31":2,"b:24:2:32:Infinity:29:9:32:Infinity":0,"s:24:2:32:Infinity":3,"s:25:16:25:Infinity":4,"b:26:4:28:Infinity:undefined:undefined:undefined:undefined":1,"s:26:4:28:Infinity":5,"s:27:6:27:Infinity":6,"s:30:16:30:Infinity":7,"b:31:4:31:Infinity:undefined:undefined:undefined:undefined":2,"s:31:4:31:Infinity":8,"s:31:13:31:Infinity":9,"s:34:2:37:Infinity":10,"b:36:33:36:47:36:47:36:Infinity":3,"f:43:22:43:Infinity":1,"s:47:13:47:31":11,"s:48:38:50:Infinity":12,"b:52:2:56:Infinity:54:9:56:Infinity":4,"s:52:2:56:Infinity":13,"s:53:4:53:Infinity":14,"s:55:4:55:Infinity":15,"s:58:2:58:Infinity":16},"fnNames":{}}}
,"C:\\Users\\Shrey\\Desktop\\Promptwars\\services\\project-service.ts": {"path":"C:\\Users\\Shrey\\Desktop\\Promptwars\\services\\project-service.ts","statementMap":{"0":{"start":{"line":8,"column":27},"end":{"line":8,"column":null}},"1":{"start":{"line":11,"column":18},"end":{"line":11,"column":null}},"2":{"start":{"line":12,"column":2},"end":{"line":76,"column":null}},"3":{"start":{"line":13,"column":4},"end":{"line":13,"column":null}},"4":{"start":{"line":15,"column":4},"end":{"line":74,"column":null}},"5":{"start":{"line":16,"column":30},"end":{"line":33,"column":null}},"6":{"start":{"line":16,"column":65},"end":{"line":33,"column":8}},"7":{"start":{"line":25,"column":56},"end":{"line":32,"column":10}},"8":{"start":{"line":35,"column":36},"end":{"line":72,"column":null}},"9":{"start":{"line":53,"column":63},"end":{"line":59,"column":10}},"10":{"start":{"line":61,"column":73},"end":{"line":66,"column":10}},"11":{"start":{"line":73,"column":6},"end":{"line":73,"column":null}},"12":{"start":{"line":75,"column":4},"end":{"line":75,"column":null}},"13":{"start":{"line":77,"column":2},"end":{"line":77,"column":null}},"14":{"start":{"line":96,"column":13},"end":{"line":96,"column":31}},"15":{"start":{"line":97,"column":20},"end":{"line":97,"column":null}},"16":{"start":{"line":98,"column":34},"end":{"line":103,"column":null}},"17":{"start":{"line":105,"column":2},"end":{"line":109,"column":null}},"18":{"start":{"line":106,"column":19},"end":{"line":106,"column":null}},"19":{"start":{"line":107,"column":4},"end":{"line":107,"column":null}},"20":{"start":{"line":108,"column":4},"end":{"line":108,"column":null}},"21":{"start":{"line":112,"column":20},"end":{"line":112,"column":null}},"22":{"start":{"line":113,"column":2},"end":{"line":113,"column":null}},"23":{"start":{"line":114,"column":2},"end":{"line":114,"column":null}},"24":{"start":{"line":124,"column":13},"end":{"line":124,"column":31}},"25":{"start":{"line":125,"column":32},"end":{"line":125,"column":null}},"26":{"start":{"line":127,"column":2},"end":{"line":155,"column":null}},"27":{"start":{"line":128,"column":23},"end":{"line":128,"column":null}},"28":{"start":{"line":130,"column":4},"end":{"line":132,"column":null}},"29":{"start":{"line":131,"column":6},"end":{"line":131,"column":null}},"30":{"start":{"line":133,"column":4},"end":{"line":135,"column":null}},"31":{"start":{"line":134,"column":6},"end":{"line":134,"column":null}},"32":{"start":{"line":136,"column":4},"end":{"line":138,"column":null}},"33":{"start":{"line":137,"column":6},"end":{"line":137,"column":null}},"34":{"start":{"line":140,"column":21},"end":{"line":140,"column":null}},"35":{"start":{"line":141,"column":4},"end":{"line":141,"column":null}},"36":{"start":{"line":141,"column":61},"end":{"line":141,"column":90}},"37":{"start":{"line":143,"column":22},"end":{"line":143,"column":null}},"38":{"start":{"line":144,"column":4},"end":{"line":144,"column":null}},"39":{"start":{"line":146,"column":4},"end":{"line":148,"column":null}},"40":{"start":{"line":147,"column":6},"end":{"line":147,"column":null}},"41":{"start":{"line":147,"column":32},"end":{"line":147,"column":92}},"42":{"start":{"line":149,"column":4},"end":{"line":151,"column":null}},"43":{"start":{"line":150,"column":6},"end":{"line":150,"column":null}},"44":{"start":{"line":150,"column":32},"end":{"line":150,"column":67}},"45":{"start":{"line":152,"column":4},"end":{"line":154,"column":null}},"46":{"start":{"line":153,"column":6},"end":{"line":153,"column":null}},"47":{"start":{"line":153,"column":32},"end":{"line":153,"column":66}},"48":{"start":{"line":157,"column":2},"end":{"line":165,"column":null}},"49":{"start":{"line":158,"column":14},"end":{"line":158,"column":null}},"50":{"start":{"line":159,"column":4},"end":{"line":164,"column":null}},"51":{"start":{"line":161,"column":8},"end":{"line":163,"column":null}},"52":{"start":{"line":167,"column":16},"end":{"line":167,"column":null}},"53":{"start":{"line":168,"column":16},"end":{"line":168,"column":null}},"54":{"start":{"line":169,"column":15},"end":{"line":169,"column":null}},"55":{"start":{"line":170,"column":8},"end":{"line":170,"column":null}},"56":{"start":{"line":171,"column":20},"end":{"line":171,"column":null}},"57":{"start":{"line":173,"column":2},"end":{"line":173,"column":null}},"58":{"start":{"line":183,"column":13},"end":{"line":183,"column":31}},"59":{"start":{"line":185,"column":2},"end":{"line":215,"column":null}},"60":{"start":{"line":187,"column":19},"end":{"line":187,"column":null}},"61":{"start":{"line":188,"column":20},"end":{"line":188,"column":null}},"62":{"start":{"line":190,"column":4},"end":{"line":192,"column":null}},"63":{"start":{"line":191,"column":6},"end":{"line":191,"column":null}},"64":{"start":{"line":195,"column":22},"end":{"line":201,"column":null}},"65":{"start":{"line":203,"column":4},"end":{"line":205,"column":null}},"66":{"start":{"line":204,"column":6},"end":{"line":204,"column":null}},"67":{"start":{"line":207,"column":22},"end":{"line":207,"column":null}},"68":{"start":{"line":209,"column":6},"end":{"line":210,"column":null}},"69":{"start":{"line":210,"column":49},"end":{"line":210,"column":69}},"70":{"start":{"line":212,"column":4},"end":{"line":214,"column":null}},"71":{"start":{"line":213,"column":6},"end":{"line":213,"column":null}},"72":{"start":{"line":217,"column":2},"end":{"line":217,"column":null}},"73":{"start":{"line":228,"column":19},"end":{"line":228,"column":null}},"74":{"start":{"line":229,"column":35},"end":{"line":233,"column":null}},"75":{"start":{"line":235,"column":13},"end":{"line":235,"column":31}},"76":{"start":{"line":236,"column":2},"end":{"line":242,"column":null}},"77":{"start":{"line":237,"column":19},"end":{"line":237,"column":null}},"78":{"start":{"line":238,"column":4},"end":{"line":238,"column":null}},"79":{"start":{"line":240,"column":22},"end":{"line":240,"column":null}},"80":{"start":{"line":241,"column":4},"end":{"line":241,"column":null}},"81":{"start":{"line":244,"column":2},"end":{"line":244,"column":null}},"82":{"start":{"line":255,"column":18},"end":{"line":255,"column":null}},"83":{"start":{"line":256,"column":20},"end":{"line":256,"column":null}},"84":{"start":{"line":257,"column":2},"end":{"line":257,"column":null}}},"fnMap":{"0":{"name":"getMemoryUserStore","decl":{"start":{"line":10,"column":9},"end":{"line":10,"column":28}},"loc":{"start":{"line":10,"column":71},"end":{"line":78,"column":null}},"line":10},"1":{"name":"(anonymous_1)","decl":{"start":{"line":16,"column":43},"end":{"line":16,"column":48}},"loc":{"start":{"line":16,"column":65},"end":{"line":33,"column":8}},"line":16},"2":{"name":"(anonymous_2)","decl":{"start":{"line":25,"column":34},"end":{"line":25,"column":39}},"loc":{"start":{"line":25,"column":56},"end":{"line":32,"column":10}},"line":25},"3":{"name":"(anonymous_3)","decl":{"start":{"line":53,"column":48},"end":{"line":53,"column":53}},"loc":{"start":{"line":53,"column":63},"end":{"line":59,"column":10}},"line":53},"4":{"name":"(anonymous_4)","decl":{"start":{"line":61,"column":56},"end":{"line":61,"column":61}},"loc":{"start":{"line":61,"column":73},"end":{"line":66,"column":10}},"line":61},"5":{"name":"createProject","decl":{"start":{"line":92,"column":22},"end":{"line":92,"column":null}},"loc":{"start":{"line":95,"column":28},"end":{"line":115,"column":null}},"line":95},"6":{"name":"getProjects","decl":{"start":{"line":120,"column":22},"end":{"line":120,"column":null}},"loc":{"start":{"line":123,"column":59},"end":{"line":174,"column":null}},"line":123},"7":{"name":"(anonymous_7)","decl":{"start":{"line":141,"column":25},"end":{"line":141,"column":30}},"loc":{"start":{"line":141,"column":61},"end":{"line":141,"column":90}},"line":141},"8":{"name":"(anonymous_8)","decl":{"start":{"line":147,"column":18},"end":{"line":147,"column":26}},"loc":{"start":{"line":147,"column":32},"end":{"line":147,"column":92}},"line":147},"9":{"name":"(anonymous_9)","decl":{"start":{"line":150,"column":18},"end":{"line":150,"column":26}},"loc":{"start":{"line":150,"column":32},"end":{"line":150,"column":67}},"line":150},"10":{"name":"(anonymous_10)","decl":{"start":{"line":153,"column":18},"end":{"line":153,"column":26}},"loc":{"start":{"line":153,"column":32},"end":{"line":153,"column":66}},"line":153},"11":{"name":"(anonymous_11)","decl":{"start":{"line":159,"column":16},"end":{"line":159,"column":null}},"loc":{"start":{"line":161,"column":8},"end":{"line":163,"column":null}},"line":161},"12":{"name":"getProjectById","decl":{"start":{"line":179,"column":22},"end":{"line":179,"column":null}},"loc":{"start":{"line":182,"column":28},"end":{"line":218,"column":null}},"line":182},"13":{"name":"(anonymous_13)","decl":{"start":{"line":210,"column":37},"end":{"line":210,"column":43}},"loc":{"start":{"line":210,"column":49},"end":{"line":210,"column":69}},"line":210},"14":{"name":"updateProject","decl":{"start":{"line":223,"column":22},"end":{"line":223,"column":null}},"loc":{"start":{"line":227,"column":28},"end":{"line":245,"column":null}},"line":227},"15":{"name":"toggleSaveProject","decl":{"start":{"line":250,"column":22},"end":{"line":250,"column":null}},"loc":{"start":{"line":254,"column":28},"end":{"line":258,"column":null}},"line":254}},"branchMap":{"0":{"loc":{"start":{"line":12,"column":2},"end":{"line":76,"column":null}},"type":"if","locations":[{"start":{"line":12,"column":2},"end":{"line":76,"column":null}},{"start":{},"end":{}}],"line":12},"1":{"loc":{"start":{"line":29,"column":19},"end":{"line":29,"column":null}},"type":"cond-expr","locations":[{"start":{"line":29,"column":46},"end":{"line":29,"column":60}},{"start":{"line":29,"column":60},"end":{"line":29,"column":null}}],"line":29},"2":{"loc":{"start":{"line":29,"column":19},"end":{"line":29,"column":46}},"type":"binary-expr","locations":[{"start":{"line":29,"column":19},"end":{"line":29,"column":33}},{"start":{"line":29,"column":33},"end":{"line":29,"column":46}}],"line":29},"3":{"loc":{"start":{"line":97,"column":20},"end":{"line":97,"column":null}},"type":"binary-expr","locations":[{"start":{"line":97,"column":20},"end":{"line":97,"column":34}},{"start":{"line":97,"column":34},"end":{"line":97,"column":null}}],"line":97},"4":{"loc":{"start":{"line":101,"column":15},"end":{"line":101,"column":null}},"type":"binary-expr","locations":[{"start":{"line":101,"column":15},"end":{"line":101,"column":36}},{"start":{"line":101,"column":36},"end":{"line":101,"column":null}}],"line":101},"5":{"loc":{"start":{"line":105,"column":2},"end":{"line":109,"column":null}},"type":"if","locations":[{"start":{"line":105,"column":2},"end":{"line":109,"column":null}},{"start":{},"end":{}}],"line":105},"6":{"loc":{"start":{"line":122,"column":2},"end":{"line":122,"column":null}},"type":"default-arg","locations":[{"start":{"line":122,"column":28},"end":{"line":122,"column":null}}],"line":122},"7":{"loc":{"start":{"line":127,"column":2},"end":{"line":155,"column":null}},"type":"if","locations":[{"start":{"line":127,"column":2},"end":{"line":155,"column":null}},{"start":{"line":142,"column":9},"end":{"line":155,"column":null}}],"line":127},"8":{"loc":{"start":{"line":130,"column":4},"end":{"line":132,"column":null}},"type":"if","locations":[{"start":{"line":130,"column":4},"end":{"line":132,"column":null}},{"start":{},"end":{}}],"line":130},"9":{"loc":{"start":{"line":130,"column":8},"end":{"line":130,"column":52}},"type":"binary-expr","locations":[{"start":{"line":130,"column":8},"end":{"line":130,"column":26}},{"start":{"line":130,"column":26},"end":{"line":130,"column":52}}],"line":130},"10":{"loc":{"start":{"line":133,"column":4},"end":{"line":135,"column":null}},"type":"if","locations":[{"start":{"line":133,"column":4},"end":{"line":135,"column":null}},{"start":{},"end":{}}],"line":133},"11":{"loc":{"start":{"line":133,"column":8},"end":{"line":133,"column":60}},"type":"binary-expr","locations":[{"start":{"line":133,"column":8},"end":{"line":133,"column":30}},{"start":{"line":133,"column":30},"end":{"line":133,"column":60}}],"line":133},"12":{"loc":{"start":{"line":136,"column":4},"end":{"line":138,"column":null}},"type":"if","locations":[{"start":{"line":136,"column":4},"end":{"line":138,"column":null}},{"start":{},"end":{}}],"line":136},"13":{"loc":{"start":{"line":146,"column":4},"end":{"line":148,"column":null}},"type":"if","locations":[{"start":{"line":146,"column":4},"end":{"line":148,"column":null}},{"start":{},"end":{}}],"line":146},"14":{"loc":{"start":{"line":146,"column":8},"end":{"line":146,"column":52}},"type":"binary-expr","locations":[{"start":{"line":146,"column":8},"end":{"line":146,"column":26}},{"start":{"line":146,"column":26},"end":{"line":146,"column":52}}],"line":146},"15":{"loc":{"start":{"line":147,"column":32},"end":{"line":147,"column":92}},"type":"binary-expr","locations":[{"start":{"line":147,"column":32},"end":{"line":147,"column":65}},{"start":{"line":147,"column":65},"end":{"line":147,"column":92}}],"line":147},"16":{"loc":{"start":{"line":149,"column":4},"end":{"line":151,"column":null}},"type":"if","locations":[{"start":{"line":149,"column":4},"end":{"line":151,"column":null}},{"start":{},"end":{}}],"line":149},"17":{"loc":{"start":{"line":149,"column":8},"end":{"line":149,"column":60}},"type":"binary-expr","locations":[{"start":{"line":149,"column":8},"end":{"line":149,"column":30}},{"start":{"line":149,"column":30},"end":{"line":149,"column":60}}],"line":149},"18":{"loc":{"start":{"line":152,"column":4},"end":{"line":154,"column":null}},"type":"if","locations":[{"start":{"line":152,"column":4},"end":{"line":154,"column":null}},{"start":{},"end":{}}],"line":152},"19":{"loc":{"start":{"line":157,"column":2},"end":{"line":165,"column":null}},"type":"if","locations":[{"start":{"line":157,"column":2},"end":{"line":165,"column":null}},{"start":{},"end":{}}],"line":157},"20":{"loc":{"start":{"line":161,"column":8},"end":{"line":163,"column":null}},"type":"binary-expr","locations":[{"start":{"line":161,"column":8},"end":{"line":161,"column":null}},{"start":{"line":162,"column":8},"end":{"line":162,"column":null}},{"start":{"line":163,"column":8},"end":{"line":163,"column":null}}],"line":161},"21":{"loc":{"start":{"line":168,"column":16},"end":{"line":168,"column":null}},"type":"binary-expr","locations":[{"start":{"line":168,"column":16},"end":{"line":168,"column":33}},{"start":{"line":168,"column":33},"end":{"line":168,"column":null}}],"line":168},"22":{"loc":{"start":{"line":169,"column":15},"end":{"line":169,"column":null}},"type":"binary-expr","locations":[{"start":{"line":169,"column":15},"end":{"line":169,"column":31}},{"start":{"line":169,"column":31},"end":{"line":169,"column":null}}],"line":169},"23":{"loc":{"start":{"line":185,"column":2},"end":{"line":215,"column":null}},"type":"if","locations":[{"start":{"line":185,"column":2},"end":{"line":215,"column":null}},{"start":{"line":206,"column":9},"end":{"line":215,"column":null}}],"line":185},"24":{"loc":{"start":{"line":190,"column":4},"end":{"line":192,"column":null}},"type":"if","locations":[{"start":{"line":190,"column":4},"end":{"line":192,"column":null}},{"start":{},"end":{}}],"line":190},"25":{"loc":{"start":{"line":203,"column":4},"end":{"line":205,"column":null}},"type":"if","locations":[{"start":{"line":203,"column":4},"end":{"line":205,"column":null}},{"start":{},"end":{}}],"line":203},"26":{"loc":{"start":{"line":209,"column":6},"end":{"line":210,"column":null}},"type":"binary-expr","locations":[{"start":{"line":209,"column":6},"end":{"line":209,"column":null}},{"start":{"line":210,"column":6},"end":{"line":210,"column":null}}],"line":209},"27":{"loc":{"start":{"line":212,"column":4},"end":{"line":214,"column":null}},"type":"if","locations":[{"start":{"line":212,"column":4},"end":{"line":214,"column":null}},{"start":{},"end":{}}],"line":212},"28":{"loc":{"start":{"line":236,"column":2},"end":{"line":242,"column":null}},"type":"if","locations":[{"start":{"line":236,"column":2},"end":{"line":242,"column":null}},{"start":{"line":239,"column":9},"end":{"line":242,"column":null}}],"line":236},"29":{"loc":{"start":{"line":256,"column":20},"end":{"line":256,"column":null}},"type":"cond-expr","locations":[{"start":{"line":256,"column":42},"end":{"line":256,"column":50}},{"start":{"line":256,"column":50},"end":{"line":256,"column":null}}],"line":256}},"s":{"0":2,"1":7,"2":7,"3":2,"4":2,"5":10,"6":40,"7":120,"8":10,"9":50,"10":40,"11":10,"12":2,"13":7,"14":1,"15":1,"16":1,"17":1,"18":0,"19":0,"20":0,"21":1,"22":1,"23":1,"24":1,"25":1,"26":1,"27":0,"28":0,"29":0,"30":0,"31":0,"32":0,"33":0,"34":0,"35":0,"36":0,"37":1,"38":1,"39":1,"40":0,"41":0,"42":1,"43":0,"44":0,"45":1,"46":1,"47":6,"48":1,"49":0,"50":0,"51":0,"52":1,"53":1,"54":1,"55":1,"56":1,"57":1,"58":4,"59":4,"60":0,"61":0,"62":0,"63":0,"64":0,"65":0,"66":0,"67":4,"68":4,"69":5,"70":4,"71":3,"72":1,"73":1,"74":1,"75":1,"76":1,"77":0,"78":0,"79":1,"80":1,"81":1,"82":1,"83":1,"84":1},"f":{"0":7,"1":40,"2":120,"3":50,"4":40,"5":1,"6":1,"7":0,"8":0,"9":0,"10":6,"11":0,"12":4,"13":5,"14":1,"15":1},"b":{"0":[2,5],"1":[10,110],"2":[120,30],"3":[1,0],"4":[1,1],"5":[0,1],"6":[1],"7":[0,1],"8":[0,0],"9":[0,0],"10":[0,0],"11":[0,0],"12":[0,0],"13":[0,1],"14":[1,0],"15":[0,0],"16":[0,1],"17":[1,0],"18":[1,0],"19":[0,1],"20":[0,0,0],"21":[1,1],"22":[1,1],"23":[0,4],"24":[0,0],"25":[0,0],"26":[4,1],"27":[3,1],"28":[0,1],"29":[1,0]},"meta":{"lastBranch":30,"lastFunction":16,"lastStatement":85,"seen":{"s:8:27:8:Infinity":0,"f:10:9:10:28":0,"s:11:18:11:Infinity":1,"b:12:2:76:Infinity:undefined:undefined:undefined:undefined":0,"s:12:2:76:Infinity":2,"s:13:4:13:Infinity":3,"s:15:4:74:Infinity":4,"s:16:30:33:Infinity":5,"f:16:43:16:48":1,"s:16:65:33:8":6,"f:25:34:25:39":2,"s:25:56:32:10":7,"b:29:46:29:60:29:60:29:Infinity":1,"b:29:19:29:33:29:33:29:46":2,"s:35:36:72:Infinity":8,"f:53:48:53:53":3,"s:53:63:59:10":9,"f:61:56:61:61":4,"s:61:73:66:10":10,"s:73:6:73:Infinity":11,"s:75:4:75:Infinity":12,"s:77:2:77:Infinity":13,"f:92:22:92:Infinity":5,"s:96:13:96:31":14,"s:97:20:97:Infinity":15,"b:97:20:97:34:97:34:97:Infinity":3,"s:98:34:103:Infinity":16,"b:101:15:101:36:101:36:101:Infinity":4,"b:105:2:109:Infinity:undefined:undefined:undefined:undefined":5,"s:105:2:109:Infinity":17,"s:106:19:106:Infinity":18,"s:107:4:107:Infinity":19,"s:108:4:108:Infinity":20,"s:112:20:112:Infinity":21,"s:113:2:113:Infinity":22,"s:114:2:114:Infinity":23,"f:120:22:120:Infinity":6,"b:122:28:122:Infinity":6,"s:124:13:124:31":24,"s:125:32:125:Infinity":25,"b:127:2:155:Infinity:142:9:155:Infinity":7,"s:127:2:155:Infinity":26,"s:128:23:128:Infinity":27,"b:130:4:132:Infinity:undefined:undefined:undefined:undefined":8,"s:130:4:132:Infinity":28,"b:130:8:130:26:130:26:130:52":9,"s:131:6:131:Infinity":29,"b:133:4:135:Infinity:undefined:undefined:undefined:undefined":10,"s:133:4:135:Infinity":30,"b:133:8:133:30:133:30:133:60":11,"s:134:6:134:Infinity":31,"b:136:4:138:Infinity:undefined:undefined:undefined:undefined":12,"s:136:4:138:Infinity":32,"s:137:6:137:Infinity":33,"s:140:21:140:Infinity":34,"s:141:4:141:Infinity":35,"f:141:25:141:30":7,"s:141:61:141:90":36,"s:143:22:143:Infinity":37,"s:144:4:144:Infinity":38,"b:146:4:148:Infinity:undefined:undefined:undefined:undefined":13,"s:146:4:148:Infinity":39,"b:146:8:146:26:146:26:146:52":14,"s:147:6:147:Infinity":40,"f:147:18:147:26":8,"s:147:32:147:92":41,"b:147:32:147:65:147:65:147:92":15,"b:149:4:151:Infinity:undefined:undefined:undefined:undefined":16,"s:149:4:151:Infinity":42,"b:149:8:149:30:149:30:149:60":17,"s:150:6:150:Infinity":43,"f:150:18:150:26":9,"s:150:32:150:67":44,"b:152:4:154:Infinity:undefined:undefined:undefined:undefined":18,"s:152:4:154:Infinity":45,"s:153:6:153:Infinity":46,"f:153:18:153:26":10,"s:153:32:153:66":47,"b:157:2:165:Infinity:undefined:undefined:undefined:undefined":19,"s:157:2:165:Infinity":48,"s:158:14:158:Infinity":49,"s:159:4:164:Infinity":50,"f:159:16:159:Infinity":11,"s:161:8:163:Infinity":51,"b:161:8:161:Infinity:162:8:162:Infinity:163:8:163:Infinity":20,"s:167:16:167:Infinity":52,"s:168:16:168:Infinity":53,"b:168:16:168:33:168:33:168:Infinity":21,"s:169:15:169:Infinity":54,"b:169:15:169:31:169:31:169:Infinity":22,"s:170:8:170:Infinity":55,"s:171:20:171:Infinity":56,"s:173:2:173:Infinity":57,"f:179:22:179:Infinity":12,"s:183:13:183:31":58,"b:185:2:215:Infinity:206:9:215:Infinity":23,"s:185:2:215:Infinity":59,"s:187:19:187:Infinity":60,"s:188:20:188:Infinity":61,"b:190:4:192:Infinity:undefined:undefined:undefined:undefined":24,"s:190:4:192:Infinity":62,"s:191:6:191:Infinity":63,"s:195:22:201:Infinity":64,"b:203:4:205:Infinity:undefined:undefined:undefined:undefined":25,"s:203:4:205:Infinity":65,"s:204:6:204:Infinity":66,"s:207:22:207:Infinity":67,"s:209:6:210:Infinity":68,"b:209:6:209:Infinity:210:6:210:Infinity":26,"f:210:37:210:43":13,"s:210:49:210:69":69,"b:212:4:214:Infinity:undefined:undefined:undefined:undefined":27,"s:212:4:214:Infinity":70,"s:213:6:213:Infinity":71,"s:217:2:217:Infinity":72,"f:223:22:223:Infinity":14,"s:228:19:228:Infinity":73,"s:229:35:233:Infinity":74,"s:235:13:235:31":75,"b:236:2:242:Infinity:239:9:242:Infinity":28,"s:236:2:242:Infinity":76,"s:237:19:237:Infinity":77,"s:238:4:238:Infinity":78,"s:240:22:240:Infinity":79,"s:241:4:241:Infinity":80,"s:244:2:244:Infinity":81,"f:250:22:250:Infinity":15,"s:255:18:255:Infinity":82,"s:256:20:256:Infinity":83,"b:256:42:256:50:256:50:256:Infinity":29,"s:257:2:257:Infinity":84},"fnNames":{}}}
,"C:\\Users\\Shrey\\Desktop\\Promptwars\\services\\roadmap-service.ts": {"path":"C:\\Users\\Shrey\\Desktop\\Promptwars\\services\\roadmap-service.ts","statementMap":{"0":{"start":{"line":21,"column":14},"end":{"line":21,"column":null}},"1":{"start":{"line":22,"column":18},"end":{"line":22,"column":null}},"2":{"start":{"line":24,"column":2},"end":{"line":33,"column":null}},"3":{"start":{"line":25,"column":4},"end":{"line":32,"column":null}},"4":{"start":{"line":26,"column":6},"end":{"line":31,"column":null}},"5":{"start":{"line":27,"column":8},"end":{"line":27,"column":null}},"6":{"start":{"line":28,"column":8},"end":{"line":30,"column":null}},"7":{"start":{"line":29,"column":10},"end":{"line":29,"column":null}},"8":{"start":{"line":35,"column":22},"end":{"line":35,"column":null}},"9":{"start":{"line":36,"column":20},"end":{"line":36,"column":null}},"10":{"start":{"line":38,"column":2},"end":{"line":43,"column":null}},"11":{"start":{"line":53,"column":18},"end":{"line":53,"column":null}},"12":{"start":{"line":54,"column":16},"end":{"line":54,"column":null}},"13":{"start":{"line":56,"column":2},"end":{"line":59,"column":null}},"14":{"start":{"line":76,"column":18},"end":{"line":76,"column":null}},"15":{"start":{"line":77,"column":27},"end":{"line":77,"column":null}},"16":{"start":{"line":79,"column":25},"end":{"line":89,"column":null}},"17":{"start":{"line":80,"column":4},"end":{"line":80,"column":null}},"18":{"start":{"line":80,"column":22},"end":{"line":80,"column":null}},"19":{"start":{"line":81,"column":25},"end":{"line":87,"column":null}},"20":{"start":{"line":82,"column":6},"end":{"line":85,"column":null}},"21":{"start":{"line":83,"column":8},"end":{"line":83,"column":null}},"22":{"start":{"line":84,"column":8},"end":{"line":84,"column":null}},"23":{"start":{"line":86,"column":6},"end":{"line":86,"column":null}},"24":{"start":{"line":88,"column":4},"end":{"line":88,"column":null}},"25":{"start":{"line":91,"column":2},"end":{"line":103,"column":null}},"26":{"start":{"line":93,"column":21},"end":{"line":93,"column":null}},"27":{"start":{"line":94,"column":4},"end":{"line":102,"column":null}},"28":{"start":{"line":95,"column":20},"end":{"line":95,"column":null}},"29":{"start":{"line":96,"column":6},"end":{"line":99,"column":null}},"30":{"start":{"line":97,"column":8},"end":{"line":97,"column":null}},"31":{"start":{"line":97,"column":46},"end":{"line":97,"column":63}},"32":{"start":{"line":98,"column":8},"end":{"line":98,"column":null}},"33":{"start":{"line":101,"column":6},"end":{"line":101,"column":null}},"34":{"start":{"line":105,"column":16},"end":{"line":105,"column":null}},"35":{"start":{"line":106,"column":2},"end":{"line":106,"column":null}},"36":{"start":{"line":108,"column":2},"end":{"line":113,"column":null}}},"fnMap":{"0":{"name":"calculateRoadmapProgress","decl":{"start":{"line":15,"column":16},"end":{"line":15,"column":41}},"loc":{"start":{"line":20,"column":2},"end":{"line":44,"column":null}},"line":20},"1":{"name":"getRoadmap","decl":{"start":{"line":49,"column":22},"end":{"line":49,"column":null}},"loc":{"start":{"line":52,"column":35},"end":{"line":60,"column":null}},"line":52},"2":{"name":"updateRoadmapTaskStatus","decl":{"start":{"line":65,"column":22},"end":{"line":65,"column":null}},"loc":{"start":{"line":75,"column":3},"end":{"line":114,"column":null}},"line":75},"3":{"name":"(anonymous_3)","decl":{"start":{"line":79,"column":41},"end":{"line":79,"column":46}},"loc":{"start":{"line":79,"column":56},"end":{"line":89,"column":3}},"line":79},"4":{"name":"(anonymous_4)","decl":{"start":{"line":81,"column":37},"end":{"line":81,"column":42}},"loc":{"start":{"line":81,"column":51},"end":{"line":87,"column":5}},"line":81},"5":{"name":"(anonymous_5)","decl":{"start":{"line":97,"column":34},"end":{"line":97,"column":39}},"loc":{"start":{"line":97,"column":46},"end":{"line":97,"column":63}},"line":97}},"branchMap":{"0":{"loc":{"start":{"line":25,"column":4},"end":{"line":32,"column":null}},"type":"if","locations":[{"start":{"line":25,"column":4},"end":{"line":32,"column":null}},{"start":{},"end":{}}],"line":25},"1":{"loc":{"start":{"line":25,"column":8},"end":{"line":25,"column":51}},"type":"binary-expr","locations":[{"start":{"line":25,"column":8},"end":{"line":25,"column":23}},{"start":{"line":25,"column":23},"end":{"line":25,"column":51}}],"line":25},"2":{"loc":{"start":{"line":28,"column":8},"end":{"line":30,"column":null}},"type":"if","locations":[{"start":{"line":28,"column":8},"end":{"line":30,"column":null}},{"start":{},"end":{}}],"line":28},"3":{"loc":{"start":{"line":35,"column":22},"end":{"line":35,"column":null}},"type":"cond-expr","locations":[{"start":{"line":35,"column":34},"end":{"line":35,"column":74}},{"start":{"line":35,"column":74},"end":{"line":35,"column":null}}],"line":35},"4":{"loc":{"start":{"line":80,"column":4},"end":{"line":80,"column":null}},"type":"if","locations":[{"start":{"line":80,"column":4},"end":{"line":80,"column":null}},{"start":{},"end":{}}],"line":80},"5":{"loc":{"start":{"line":82,"column":6},"end":{"line":85,"column":null}},"type":"if","locations":[{"start":{"line":82,"column":6},"end":{"line":85,"column":null}},{"start":{},"end":{}}],"line":82},"6":{"loc":{"start":{"line":91,"column":2},"end":{"line":103,"column":null}},"type":"if","locations":[{"start":{"line":91,"column":2},"end":{"line":103,"column":null}},{"start":{},"end":{}}],"line":91},"7":{"loc":{"start":{"line":94,"column":4},"end":{"line":102,"column":null}},"type":"if","locations":[{"start":{"line":94,"column":4},"end":{"line":102,"column":null}},{"start":{"line":100,"column":11},"end":{"line":102,"column":null}}],"line":94},"8":{"loc":{"start":{"line":94,"column":8},"end":{"line":94,"column":54}},"type":"binary-expr","locations":[{"start":{"line":94,"column":8},"end":{"line":94,"column":28}},{"start":{"line":94,"column":28},"end":{"line":94,"column":54}}],"line":94},"9":{"loc":{"start":{"line":96,"column":6},"end":{"line":99,"column":null}},"type":"if","locations":[{"start":{"line":96,"column":6},"end":{"line":99,"column":null}},{"start":{},"end":{}}],"line":96},"10":{"loc":{"start":{"line":96,"column":10},"end":{"line":96,"column":49}},"type":"binary-expr","locations":[{"start":{"line":96,"column":10},"end":{"line":96,"column":25}},{"start":{"line":96,"column":25},"end":{"line":96,"column":49}}],"line":96}},"s":{"0":3,"1":3,"2":3,"3":5,"4":5,"5":9,"6":9,"7":3,"8":3,"9":3,"10":3,"11":0,"12":0,"13":0,"14":0,"15":0,"16":0,"17":0,"18":0,"19":0,"20":0,"21":0,"22":0,"23":0,"24":0,"25":0,"26":0,"27":0,"28":0,"29":0,"30":0,"31":0,"32":0,"33":0,"34":0,"35":0,"36":0},"f":{"0":3,"1":0,"2":0,"3":0,"4":0,"5":0},"b":{"0":[5,0],"1":[5,5],"2":[3,6],"3":[3,0],"4":[0,0],"5":[0,0],"6":[0,0],"7":[0,0],"8":[0,0],"9":[0,0],"10":[0,0]},"meta":{"lastBranch":11,"lastFunction":6,"lastStatement":37,"seen":{"f:15:16:15:41":0,"s:21:14:21:Infinity":0,"s:22:18:22:Infinity":1,"s:24:2:33:Infinity":2,"b:25:4:32:Infinity:undefined:undefined:undefined:undefined":0,"s:25:4:32:Infinity":3,"b:25:8:25:23:25:23:25:51":1,"s:26:6:31:Infinity":4,"s:27:8:27:Infinity":5,"b:28:8:30:Infinity:undefined:undefined:undefined:undefined":2,"s:28:8:30:Infinity":6,"s:29:10:29:Infinity":7,"s:35:22:35:Infinity":8,"b:35:34:35:74:35:74:35:Infinity":3,"s:36:20:36:Infinity":9,"s:38:2:43:Infinity":10,"f:49:22:49:Infinity":1,"s:53:18:53:Infinity":11,"s:54:16:54:Infinity":12,"s:56:2:59:Infinity":13,"f:65:22:65:Infinity":2,"s:76:18:76:Infinity":14,"s:77:27:77:Infinity":15,"s:79:25:89:Infinity":16,"f:79:41:79:46":3,"b:80:4:80:Infinity:undefined:undefined:undefined:undefined":4,"s:80:4:80:Infinity":17,"s:80:22:80:Infinity":18,"s:81:25:87:Infinity":19,"f:81:37:81:42":4,"b:82:6:85:Infinity:undefined:undefined:undefined:undefined":5,"s:82:6:85:Infinity":20,"s:83:8:83:Infinity":21,"s:84:8:84:Infinity":22,"s:86:6:86:Infinity":23,"s:88:4:88:Infinity":24,"b:91:2:103:Infinity:undefined:undefined:undefined:undefined":6,"s:91:2:103:Infinity":25,"s:93:21:93:Infinity":26,"b:94:4:102:Infinity:100:11:102:Infinity":7,"s:94:4:102:Infinity":27,"b:94:8:94:28:94:28:94:54":8,"s:95:20:95:Infinity":28,"b:96:6:99:Infinity:undefined:undefined:undefined:undefined":9,"s:96:6:99:Infinity":29,"b:96:10:96:25:96:25:96:49":10,"s:97:8:97:Infinity":30,"f:97:34:97:39":5,"s:97:46:97:63":31,"s:98:8:98:Infinity":32,"s:101:6:101:Infinity":33,"s:105:16:105:Infinity":34,"s:106:2:106:Infinity":35,"s:108:2:113:Infinity":36},"fnNames":{}}}
}
